C51 COMPILER V7.01  ENCR                                                                   01/25/2014 09:07:28 PAGE 1   


C51 COMPILER V7.01, COMPILATION OF MODULE ENCR
OBJECT MODULE PLACED IN .\Debug\Output\encr.obj
COMPILER INVOKED BY: C:\Keil51\C51\BIN\C51.EXE plugins\encr.c LARGE OMF2 OPTIMIZE(9,SIZE) BROWSE NOINTVECTOR DEBUG PRINT
                    -(.\Debug\List\encr.lst) OBJECT(.\Debug\Output\encr.obj)

stmt level    source

   1          #include "..\defs.h"
   2          #include "..\config.h"
   3          #include "..\midgard\midgard.h"
   4          #include "..\asgard\file.h"
   5          #include "..\liquid.h"
   6          #include "..\framework\VAS.h"
   7          #include "..\framework\SMS.h" 
   8          #include "..\framework\dcs.h"
   9          #include "..\framework\des.h"
  10          #include "encr.h"
  11          #include <string.h>
  12          
  13          #if VAS_ENCR_ALLOCATED    
              
              uchar encr_decode(void) _REENTRANT_ {                    //return response length         
                      extern uchar * vas_cistr;                       //current input string
                      extern uchar vas_cvid;                          //current variable id
                      extern uchar STK_buffer[];
                      uchar len;                                                      //input string length
                      uchar plen;                                             //padded length
                      uchar key_id;
                      uchar i;
                      fs_handle temp_fs;
                      uchar * key = NULL;
                      if(vas_cistr == NULL) goto exit_plugin;
                      len = vas_cistr[0];
                      key_id = vas_cistr[1];
                      len = len -1;                                                           //total input string length without key_id
                      plen = 8 - (len % 8);                                           //padding length
                      memcpy(STK_buffer, vas_cistr + 2,len);          //copy input string
                      for(i=len;i<(len+plen);i++) {
                              STK_buffer[i] = 0;                                              //fill padding bytes
                      }
                      len = (len + plen);                                                     //total current length
                      key = m_alloc(16);                                                      //allocate key buffer
                      _select(&temp_fs, FID_MF);
                      _select(&temp_fs, FID_LIQUID); 
                      if(_select(&temp_fs, FID_WIBKEY) < 0x9F00) goto exit_plugin;
                      _readrec(&temp_fs, key_id, key, 16);
                      DES_MemOperation(len, DES_MODE_TDES | DES_MODE_CBC | DES_MODE_ENCRYPT, key, STK_buffer, STK_buffer + len 
             -+ 1);
                      m_free(key);                                                            //freed up key buffer
                      STK_buffer[len] = plen;                 //padding number
                      VAS_set_variable(vas_cvid, len + 1, STK_buffer + len);                  //set variable
                      exit_plugin:
                      VAS_exit_plugin();
                      return 0;                                       //0 => next instruction (no response), 
              }
              #endif


MODULE INFORMATION:   STATIC OVERLAYABLE
   CODE SIZE        =   ----    ----
   CONSTANT SIZE    =   ----    ----
C51 COMPILER V7.01  ENCR                                                                   01/25/2014 09:07:28 PAGE 2   

   XDATA SIZE       =   ----    ----
   PDATA SIZE       =   ----    ----
   DATA SIZE        =   ----    ----
   IDATA SIZE       =   ----    ----
   BIT SIZE         =   ----    ----
   EDATA SIZE       =   ----    ----
   HDATA SIZE       =   ----    ----
   XDATA CONST SIZE =   ----    ----
   FAR CONST SIZE   =   ----    ----
END OF MODULE INFORMATION.


C51 COMPILATION COMPLETE.  0 WARNING(S),  0 ERROR(S)
