C51 COMPILER V7.01  ICCID                                                                  01/25/2014 09:07:28 PAGE 1   


C51 COMPILER V7.01, COMPILATION OF MODULE ICCID
OBJECT MODULE PLACED IN .\Debug\Output\iccid.obj
COMPILER INVOKED BY: C:\Keil51\C51\BIN\C51.EXE plugins\iccid.c LARGE OMF2 OPTIMIZE(9,SIZE) BROWSE NOINTVECTOR DEBUG PRIN
                    -T(.\Debug\List\iccid.lst) OBJECT(.\Debug\Output\iccid.obj)

stmt level    source

   1          #include "..\defs.h"
   2          #include "..\config.h"
   3          #include "..\midgard\midgard.h"
   4          #include "..\asgard\file.h"
   5          #include "..\liquid.h"
   6          #include "..\framework\VAS.h"
   7          #include "..\framework\SMS.h" 
   8          #include "..\framework\dcs.h"
   9          #include "iccid.h"
  10          
  11          #if VAS_ICCID_ALLOCATED
              uchar iccid_decode(void) _REENTRANT_ {                   //return response length        
                      extern uchar * vas_cistr;                       //current input string
                      extern uchar vas_cvid;                          //current variable id
                      extern uchar STK_buffer[];
                      uchar j = 0;
                      fs_handle temp_fs;
                      if(vas_cistr == NULL) goto exit_plugin;         //no response, input string not exist
                      _select(&temp_fs, FID_MF);
                      if(_select(&temp_fs, FID_ICCID) < 0x9F00) goto exit_plugin;
                      _readbin(&temp_fs, 0, STK_buffer, 10); 
                      VAS_set_variable(vas_cvid, 10, STK_buffer);                     //set variable
                      exit_plugin:
                      VAS_exit_plugin();
                      return j;                                       //0 => next instruction (no response),  
              }
              #endif


MODULE INFORMATION:   STATIC OVERLAYABLE
   CODE SIZE        =   ----    ----
   CONSTANT SIZE    =   ----    ----
   XDATA SIZE       =   ----    ----
   PDATA SIZE       =   ----    ----
   DATA SIZE        =   ----    ----
   IDATA SIZE       =   ----    ----
   BIT SIZE         =   ----    ----
   EDATA SIZE       =   ----    ----
   HDATA SIZE       =   ----    ----
   XDATA CONST SIZE =   ----    ----
   FAR CONST SIZE   =   ----    ----
END OF MODULE INFORMATION.


C51 COMPILATION COMPLETE.  0 WARNING(S),  0 ERROR(S)
