C51 COMPILER V7.01  NORFLASH                                                               01/25/2014 09:07:12 PAGE 1   


C51 COMPILER V7.01, COMPILATION OF MODULE NORFLASH
OBJECT MODULE PLACED IN .\Debug\Output\NORFlash.obj
COMPILER INVOKED BY: C:\Keil51\C51\BIN\C51.EXE NORFlash\NORFlash.c LARGE OMF2 OPTIMIZE(9,SIZE) BROWSE NOINTVECTOR DEBUG 
                    -PRINT(.\Debug\List\NORFlash.lst) OBJECT(.\Debug\Output\NORFlash.obj)

stmt level    source

   1          
   2          #include        "_17BD_UserCode.h"
   3          #include        "..\ISO7816\ISO7816.h"
   4          #include        "..\NORFlash\NORFlash.h"
   5          #include        "defs.h"
   6          
   7          //====================================================
   8          //      Erase the target page
   9          BYTE    Erase_Page(BYTEX * pDest)
  10          {
  11   1              BYTE    counter = 0;    
  12   1      
  13   1              FL_CON = 0x11;                                                  //      Erasing and verify enabled
  14   1              //FL_CON = 0x10;                                                        //      Erasing and verify enabled
  15   1      
  16   1      retryErase:
  17   1              FL_SDP1 = 0x55;
  18   1              FL_SDP2 = 0xAA;
  19   1      
  20   1              *pDest = 0xFF;                                                  //      Write a FFH to start address in the target page
  21   1      
  22   1              while(!FL_STS_F_OVER);                                  //      FL_CTL.FL_OVER  
  23   1              
  24   1              FL_STS_F_OVER = 0;                                              //      Clear FL_CTL.FL_OVER
  25   1              if(FL_STS_F_OP_ERR)                                             //      Mistaken operation
  26   1              {                                                               
  27   2                      FL_STS_F_OP_ERR = 0;
  28   2                      FL_SDP1 = 0xFF;
  29   2                      FL_SDP2 = 0xFF;
  30   2                      return  WRERROR;
  31   2              }
  32   1              else if(FL_STS_F_CHKFF_ERR)
  33   1              {
  34   2                      FL_STS_F_CHKFF_ERR = 0;
  35   2      
  36   2                      if(counter == 2) {
  37   3                              FL_SDP1 = 0xFF;
  38   3                              FL_SDP2 = 0xFF;
  39   3                              return  RDERROR;
  40   3                      }
  41   2      
  42   2                      counter ++;
  43   2                      goto    retryErase;
  44   2              }
  45   1              //FL_STS = 0; 
  46   1              FL_SDP1 = 0xFF;
  47   1              FL_SDP2 = 0xFF;
  48   1              return  SUCCESS;
  49   1      
  50   1              /*HALFW i;
  51   1              
  52   1              for(i = 0;i < 0x200;i ++)
  53   1              {
  54   1                      FL_CON = 0x01;
C51 COMPILER V7.01  NORFLASH                                                               01/25/2014 09:07:12 PAGE 2   

  55   1                      //FL_CON = 0x01;
  56   1                      FL_SDP1 = 0xAA;
  57   1                      FL_SDP2 = 0x55; 
  58   1      
  59   1                      *(pDest + i) = 0xFF;
  60   1      
  61   1                      while(!FL_STS_F_OVER);                                  //      FL_CTL.FL_OVER  
  62   1              
  63   1                      if(FL_STS_F_OP_ERR)                                             //      Mistaken operation
  64   1                      {                                                               
  65   1                              FL_STS_F_OP_ERR = 0;
  66   1                              return  WRERROR;
  67   1                      }
  68   1                      FL_STS_F_OVER = 0;                                              //      Clear FL_CTL.FL_OVER
  69   1              }
  70   1              return SUCCESS;*/
  71   1      }
  72          
  73          //====================================================
  74          //      Write n bytes of flash memory.
  75          BYTE    Write_Bytes(BYTEX * pDest, BYTEX * pSrc, HALFW len)
  76          {
  77   1              HALFW   i;
  78   1              
  79   1              for(i = 0;i < len;i ++)
  80   1              {
  81   2                      FL_CON = 0x01;
  82   2                      //FL_CON = 0x01;
  83   2                      FL_SDP1 = 0xAA;
  84   2                      FL_SDP2 = 0x55; 
  85   2      
  86   2                      *(pDest + i) = pSrc[i];
  87   2      
  88   2                      while(!FL_STS_F_OVER);                                  //      FL_CTL.FL_OVER  
  89   2              
  90   2                      if(FL_STS_F_OP_ERR)                                             //      Mistaken operation
  91   2                      {                                                               
  92   3                              FL_STS_F_OP_ERR = 0;
  93   3                              FL_SDP1 = 0xFF;
  94   3                              FL_SDP2 = 0xFF;
  95   3                              return  WRERROR;
  96   3                      }
  97   2                      FL_STS_F_OVER = 0;                                              //      Clear FL_CTL.FL_OVER
  98   2              } 
  99   1              FL_SDP1 = 0xFF;
 100   1              FL_SDP2 = 0xFF;
 101   1              return SUCCESS;
 102   1      }


MODULE INFORMATION:   STATIC OVERLAYABLE
   CODE SIZE        =    189    ----
   CONSTANT SIZE    =   ----    ----
   XDATA SIZE       =   ----       8
   PDATA SIZE       =   ----    ----
   DATA SIZE        =   ----    ----
   IDATA SIZE       =   ----    ----
   BIT SIZE         =   ----    ----
   EDATA SIZE       =   ----    ----
   HDATA SIZE       =   ----    ----
   XDATA CONST SIZE =   ----    ----
   FAR CONST SIZE   =   ----    ----
C51 COMPILER V7.01  NORFLASH                                                               01/25/2014 09:07:12 PAGE 3   

END OF MODULE INFORMATION.


C51 COMPILATION COMPLETE.  0 WARNING(S),  0 ERROR(S)
